{"C:\\Users\\Eduardo\\Documents\\Repositório\\Eduardo-Norberto\\aula3-testes+redux-thunk\\planner-boilerplate\\src\\actions\\index.js": {"path":"C:\\Users\\Eduardo\\Documents\\Repositório\\Eduardo-Norberto\\aula3-testes+redux-thunk\\planner-boilerplate\\src\\actions\\index.js","statementMap":{"0":{"start":{"line":3,"column":23},"end":{"line":3,"column":104}},"1":{"start":{"line":5,"column":24},"end":{"line":10,"column":2}},"2":{"start":{"line":5,"column":35},"end":{"line":10,"column":1}},"3":{"start":{"line":12,"column":27},"end":{"line":17,"column":1}},"4":{"start":{"line":12,"column":33},"end":{"line":17,"column":1}},"5":{"start":{"line":14,"column":21},"end":{"line":14,"column":45}},"6":{"start":{"line":16,"column":4},"end":{"line":16,"column":37}},"7":{"start":{"line":19,"column":26},"end":{"line":34,"column":1}},"8":{"start":{"line":19,"column":41},"end":{"line":34,"column":1}},"9":{"start":{"line":21,"column":20},"end":{"line":24,"column":5}},"10":{"start":{"line":26,"column":4},"end":{"line":33,"column":5}},"11":{"start":{"line":27,"column":8},"end":{"line":27,"column":43}},"12":{"start":{"line":28,"column":8},"end":{"line":28,"column":52}},"13":{"start":{"line":29,"column":8},"end":{"line":29,"column":31}},"14":{"start":{"line":31,"column":8},"end":{"line":31,"column":26}},"15":{"start":{"line":32,"column":8},"end":{"line":32,"column":57}}},"fnMap":{"0":{"name":"(anonymous_0)","decl":{"start":{"line":5,"column":24},"end":{"line":5,"column":25}},"loc":{"start":{"line":5,"column":35},"end":{"line":10,"column":1}},"line":5},"1":{"name":"(anonymous_1)","decl":{"start":{"line":12,"column":27},"end":{"line":12,"column":28}},"loc":{"start":{"line":12,"column":33},"end":{"line":17,"column":1}},"line":12},"2":{"name":"(anonymous_2)","decl":{"start":{"line":12,"column":33},"end":{"line":12,"column":34}},"loc":{"start":{"line":12,"column":52},"end":{"line":17,"column":1}},"line":12},"3":{"name":"(anonymous_3)","decl":{"start":{"line":19,"column":26},"end":{"line":19,"column":27}},"loc":{"start":{"line":19,"column":41},"end":{"line":34,"column":1}},"line":19},"4":{"name":"(anonymous_4)","decl":{"start":{"line":19,"column":41},"end":{"line":19,"column":42}},"loc":{"start":{"line":19,"column":61},"end":{"line":34,"column":1}},"line":19}},"branchMap":{},"s":{"0":4,"1":4,"2":4,"3":4,"4":3,"5":1,"6":1,"7":4,"8":2,"9":1,"10":1,"11":1,"12":1,"13":1,"14":0,"15":0},"f":{"0":4,"1":3,"2":1,"3":2,"4":1},"b":{},"_coverageSchema":"43e27e138ebf9cfc5966b082cf9a028302ed4184","hash":"ee7bd02b56abba658899eb14c38c0ba5b507f38c"}
,"C:\\Users\\Eduardo\\Documents\\Repositório\\Eduardo-Norberto\\aula3-testes+redux-thunk\\planner-boilerplate\\src\\containers\\App\\index.js": {"path":"C:\\Users\\Eduardo\\Documents\\Repositório\\Eduardo-Norberto\\aula3-testes+redux-thunk\\planner-boilerplate\\src\\containers\\App\\index.js","statementMap":{"0":{"start":{"line":12,"column":20},"end":{"line":17,"column":1}},"1":{"start":{"line":16,"column":11},"end":{"line":16,"column":12}},"2":{"start":{"line":19,"column":14},"end":{"line":19,"column":63}},"3":{"start":{"line":21,"column":19},"end":{"line":28,"column":1}},"4":{"start":{"line":22,"column":2},"end":{"line":27,"column":13}}},"fnMap":{"0":{"name":"(anonymous_0)","decl":{"start":{"line":16,"column":6},"end":{"line":16,"column":7}},"loc":{"start":{"line":16,"column":11},"end":{"line":16,"column":12}},"line":16},"1":{"name":"(anonymous_1)","decl":{"start":{"line":21,"column":19},"end":{"line":21,"column":20}},"loc":{"start":{"line":22,"column":2},"end":{"line":27,"column":13}},"line":22}},"branchMap":{"0":{"loc":{"start":{"line":14,"column":2},"end":{"line":16,"column":12}},"type":"cond-expr","locations":[{"start":{"line":15,"column":6},"end":{"line":15,"column":43}},{"start":{"line":16,"column":6},"end":{"line":16,"column":12}}],"line":14}},"s":{"0":0,"1":0,"2":0,"3":0,"4":0},"f":{"0":0,"1":0},"b":{"0":[0,0]},"hash":"8cb363d0c931cf879243e02c7fd90aa7d899d91e"}
,"C:\\Users\\Eduardo\\Documents\\Repositório\\Eduardo-Norberto\\aula3-testes+redux-thunk\\planner-boilerplate\\src\\containers\\InputTask\\index.js": {"path":"C:\\Users\\Eduardo\\Documents\\Repositório\\Eduardo-Norberto\\aula3-testes+redux-thunk\\planner-boilerplate\\src\\containers\\InputTask\\index.js","statementMap":{"0":{"start":{"line":11,"column":23},"end":{"line":13,"column":1}},"1":{"start":{"line":14,"column":18},"end":{"line":20,"column":1}},"2":{"start":{"line":25,"column":8},"end":{"line":25,"column":20}},"3":{"start":{"line":27,"column":8},"end":{"line":29,"column":9}},"4":{"start":{"line":32,"column":22},"end":{"line":35,"column":5}},"5":{"start":{"line":33,"column":8},"end":{"line":33,"column":30}},"6":{"start":{"line":37,"column":17},"end":{"line":41,"column":5}},"7":{"start":{"line":38,"column":8},"end":{"line":38,"column":30}},"8":{"start":{"line":39,"column":30},"end":{"line":39,"column":45}},"9":{"start":{"line":40,"column":8},"end":{"line":40,"column":40}},"10":{"start":{"line":43,"column":24},"end":{"line":46,"column":5}},"11":{"start":{"line":44,"column":30},"end":{"line":44,"column":42}},"12":{"start":{"line":45,"column":8},"end":{"line":45,"column":66}},"13":{"start":{"line":49,"column":8},"end":{"line":92,"column":9}},"14":{"start":{"line":96,"column":34},"end":{"line":98,"column":2}},"15":{"start":{"line":96,"column":47},"end":{"line":98,"column":1}},"16":{"start":{"line":97,"column":31},"end":{"line":97,"column":62}}},"fnMap":{"0":{"name":"(anonymous_0)","decl":{"start":{"line":24,"column":4},"end":{"line":24,"column":5}},"loc":{"start":{"line":24,"column":22},"end":{"line":30,"column":5}},"line":24},"1":{"name":"(anonymous_1)","decl":{"start":{"line":32,"column":22},"end":{"line":32,"column":23}},"loc":{"start":{"line":32,"column":30},"end":{"line":35,"column":5}},"line":32},"2":{"name":"(anonymous_2)","decl":{"start":{"line":37,"column":17},"end":{"line":37,"column":18}},"loc":{"start":{"line":37,"column":27},"end":{"line":41,"column":5}},"line":37},"3":{"name":"(anonymous_3)","decl":{"start":{"line":43,"column":24},"end":{"line":43,"column":25}},"loc":{"start":{"line":43,"column":32},"end":{"line":46,"column":5}},"line":43},"4":{"name":"(anonymous_4)","decl":{"start":{"line":48,"column":4},"end":{"line":48,"column":5}},"loc":{"start":{"line":48,"column":12},"end":{"line":93,"column":5}},"line":48},"5":{"name":"(anonymous_5)","decl":{"start":{"line":96,"column":34},"end":{"line":96,"column":35}},"loc":{"start":{"line":96,"column":47},"end":{"line":98,"column":1}},"line":96},"6":{"name":"(anonymous_6)","decl":{"start":{"line":97,"column":16},"end":{"line":97,"column":17}},"loc":{"start":{"line":97,"column":31},"end":{"line":97,"column":62}},"line":97}},"branchMap":{},"s":{"0":1,"1":1,"2":0,"3":0,"4":0,"5":0,"6":0,"7":0,"8":0,"9":0,"10":0,"11":0,"12":0,"13":0,"14":1,"15":1,"16":1},"f":{"0":0,"1":0,"2":0,"3":0,"4":0,"5":1,"6":1},"b":{},"_coverageSchema":"43e27e138ebf9cfc5966b082cf9a028302ed4184","hash":"8908a3131b140c6bb498a4fde4d3812956d622b7"}
,"C:\\Users\\Eduardo\\Documents\\Repositório\\Eduardo-Norberto\\aula3-testes+redux-thunk\\planner-boilerplate\\src\\containers\\ListTask\\index.js": {"path":"C:\\Users\\Eduardo\\Documents\\Repositório\\Eduardo-Norberto\\aula3-testes+redux-thunk\\planner-boilerplate\\src\\containers\\ListTask\\index.js","statementMap":{"0":{"start":{"line":19,"column":18},"end":{"line":28,"column":2}},"1":{"start":{"line":30,"column":17},"end":{"line":32,"column":1}},"2":{"start":{"line":35,"column":20},"end":{"line":35,"column":31}},"3":{"start":{"line":37,"column":4},"end":{"line":39,"column":10}},"4":{"start":{"line":38,"column":8},"end":{"line":38,"column":27}},"5":{"start":{"line":41,"column":46},"end":{"line":41,"column":63}},"6":{"start":{"line":43,"column":25},"end":{"line":45,"column":5}},"7":{"start":{"line":44,"column":8},"end":{"line":44,"column":45}},"8":{"start":{"line":47,"column":23},"end":{"line":52,"column":6}},"9":{"start":{"line":48,"column":8},"end":{"line":50,"column":9}},"10":{"start":{"line":49,"column":12},"end":{"line":49,"column":23}},"11":{"start":{"line":51,"column":8},"end":{"line":51,"column":42}},"12":{"start":{"line":54,"column":4},"end":{"line":134,"column":5}},"13":{"start":{"line":125,"column":28},"end":{"line":128,"column":39}},"14":{"start":{"line":137,"column":31},"end":{"line":139,"column":6}},"15":{"start":{"line":137,"column":40},"end":{"line":139,"column":5}},"16":{"start":{"line":141,"column":34},"end":{"line":143,"column":6}},"17":{"start":{"line":141,"column":46},"end":{"line":143,"column":5}},"18":{"start":{"line":142,"column":25},"end":{"line":142,"column":48}}},"fnMap":{"0":{"name":"ListTask","decl":{"start":{"line":34,"column":16},"end":{"line":34,"column":24}},"loc":{"start":{"line":34,"column":31},"end":{"line":135,"column":1}},"line":34},"1":{"name":"(anonymous_1)","decl":{"start":{"line":37,"column":14},"end":{"line":37,"column":15}},"loc":{"start":{"line":37,"column":19},"end":{"line":39,"column":5}},"line":37},"2":{"name":"(anonymous_2)","decl":{"start":{"line":43,"column":25},"end":{"line":43,"column":26}},"loc":{"start":{"line":43,"column":34},"end":{"line":45,"column":5}},"line":43},"3":{"name":"(anonymous_3)","decl":{"start":{"line":47,"column":57},"end":{"line":47,"column":58}},"loc":{"start":{"line":47,"column":65},"end":{"line":52,"column":5}},"line":47},"4":{"name":"(anonymous_4)","decl":{"start":{"line":124,"column":54},"end":{"line":124,"column":55}},"loc":{"start":{"line":125,"column":28},"end":{"line":128,"column":39}},"line":125},"5":{"name":"(anonymous_5)","decl":{"start":{"line":137,"column":31},"end":{"line":137,"column":32}},"loc":{"start":{"line":137,"column":40},"end":{"line":139,"column":5}},"line":137},"6":{"name":"(anonymous_6)","decl":{"start":{"line":141,"column":34},"end":{"line":141,"column":35}},"loc":{"start":{"line":141,"column":46},"end":{"line":143,"column":5}},"line":141},"7":{"name":"(anonymous_7)","decl":{"start":{"line":142,"column":20},"end":{"line":142,"column":21}},"loc":{"start":{"line":142,"column":25},"end":{"line":142,"column":48}},"line":142}},"branchMap":{"0":{"loc":{"start":{"line":47,"column":23},"end":{"line":52,"column":6}},"type":"binary-expr","locations":[{"start":{"line":47,"column":23},"end":{"line":47,"column":34}},{"start":{"line":47,"column":38},"end":{"line":52,"column":6}}],"line":47},"1":{"loc":{"start":{"line":48,"column":8},"end":{"line":50,"column":9}},"type":"if","locations":[{"start":{"line":48,"column":8},"end":{"line":50,"column":9}},{"start":{"line":48,"column":8},"end":{"line":50,"column":9}}],"line":48},"2":{"loc":{"start":{"line":124,"column":25},"end":{"line":129,"column":25}},"type":"binary-expr","locations":[{"start":{"line":124,"column":25},"end":{"line":124,"column":35}},{"start":{"line":124,"column":39},"end":{"line":129,"column":25}}],"line":124}},"s":{"0":1,"1":1,"2":1,"3":1,"4":0,"5":1,"6":1,"7":0,"8":1,"9":0,"10":0,"11":0,"12":1,"13":0,"14":1,"15":0,"16":1,"17":1,"18":1},"f":{"0":1,"1":0,"2":0,"3":0,"4":0,"5":0,"6":1,"7":1},"b":{"0":[1,0],"1":[0,0],"2":[1,0]},"_coverageSchema":"43e27e138ebf9cfc5966b082cf9a028302ed4184","hash":"bfdafda73765aeb3dc3a7c668db41d8a3cacdd00"}
,"C:\\Users\\Eduardo\\Documents\\Repositório\\Eduardo-Norberto\\aula3-testes+redux-thunk\\planner-boilerplate\\src\\containers\\Planner\\index.js": {"path":"C:\\Users\\Eduardo\\Documents\\Repositório\\Eduardo-Norberto\\aula3-testes+redux-thunk\\planner-boilerplate\\src\\containers\\Planner\\index.js","statementMap":{"0":{"start":{"line":9,"column":4},"end":{"line":14,"column":5}}},"fnMap":{"0":{"name":"(anonymous_0)","decl":{"start":{"line":8,"column":2},"end":{"line":8,"column":3}},"loc":{"start":{"line":8,"column":11},"end":{"line":15,"column":3}},"line":8}},"branchMap":{},"s":{"0":0},"f":{"0":0},"b":{},"hash":"6bda814dc6a906f60b16b4491d24dfe1a5011b53"}
,"C:\\Users\\Eduardo\\Documents\\Repositório\\Eduardo-Norberto\\aula3-testes+redux-thunk\\planner-boilerplate\\src\\style\\theme.js": {"path":"C:\\Users\\Eduardo\\Documents\\Repositório\\Eduardo-Norberto\\aula3-testes+redux-thunk\\planner-boilerplate\\src\\style\\theme.js","statementMap":{},"fnMap":{},"branchMap":{},"s":{},"f":{},"b":{},"hash":"6f88a6f5c7b441eabd31ac5340c98fe5edeb5994"}
}
