TN:
SF:C:\Users\Eduardo\Documents\Repositório\Eduardo-Norberto\aula3-testes+redux-thunk\planner-boilerplate\src\actions\index.js
FN:5,(anonymous_0)
FN:12,(anonymous_1)
FN:12,(anonymous_2)
FN:19,(anonymous_3)
FN:19,(anonymous_4)
FNF:5
FNH:5
FNDA:4,(anonymous_0)
FNDA:3,(anonymous_1)
FNDA:1,(anonymous_2)
FNDA:2,(anonymous_3)
FNDA:1,(anonymous_4)
DA:3,4
DA:5,4
DA:12,4
DA:14,1
DA:16,1
DA:19,4
DA:21,1
DA:26,1
DA:27,1
DA:28,1
DA:29,1
DA:31,0
DA:32,0
LF:13
LH:11
BRF:0
BRH:0
end_of_record
TN:
SF:C:\Users\Eduardo\Documents\Repositório\Eduardo-Norberto\aula3-testes+redux-thunk\planner-boilerplate\src\containers\App\index.js
FN:16,(anonymous_0)
FN:21,(anonymous_1)
FNF:2
FNH:0
FNDA:0,(anonymous_0)
FNDA:0,(anonymous_1)
DA:12,0
DA:16,0
DA:19,0
DA:21,0
DA:22,0
LF:5
LH:0
BRDA:14,0,0,0
BRDA:14,0,1,0
BRF:2
BRH:0
end_of_record
TN:
SF:C:\Users\Eduardo\Documents\Repositório\Eduardo-Norberto\aula3-testes+redux-thunk\planner-boilerplate\src\containers\InputTask\index.js
FN:24,(anonymous_0)
FN:32,(anonymous_1)
FN:37,(anonymous_2)
FN:43,(anonymous_3)
FN:48,(anonymous_4)
FN:96,(anonymous_5)
FN:97,(anonymous_6)
FNF:7
FNH:2
FNDA:0,(anonymous_0)
FNDA:0,(anonymous_1)
FNDA:0,(anonymous_2)
FNDA:0,(anonymous_3)
FNDA:0,(anonymous_4)
FNDA:1,(anonymous_5)
FNDA:1,(anonymous_6)
DA:11,1
DA:14,1
DA:25,0
DA:27,0
DA:32,0
DA:33,0
DA:37,0
DA:38,0
DA:39,0
DA:40,0
DA:43,0
DA:44,0
DA:45,0
DA:49,0
DA:96,1
DA:97,1
LF:16
LH:4
BRF:0
BRH:0
end_of_record
TN:
SF:C:\Users\Eduardo\Documents\Repositório\Eduardo-Norberto\aula3-testes+redux-thunk\planner-boilerplate\src\containers\ListTask\index.js
FN:34,ListTask
FN:37,(anonymous_1)
FN:43,(anonymous_2)
FN:47,(anonymous_3)
FN:124,(anonymous_4)
FN:137,(anonymous_5)
FN:141,(anonymous_6)
FN:142,(anonymous_7)
FNF:8
FNH:3
FNDA:1,ListTask
FNDA:0,(anonymous_1)
FNDA:0,(anonymous_2)
FNDA:0,(anonymous_3)
FNDA:0,(anonymous_4)
FNDA:0,(anonymous_5)
FNDA:1,(anonymous_6)
FNDA:1,(anonymous_7)
DA:19,1
DA:30,1
DA:35,1
DA:37,1
DA:38,0
DA:41,1
DA:43,1
DA:44,0
DA:47,1
DA:48,0
DA:49,0
DA:51,0
DA:54,1
DA:125,0
DA:137,1
DA:141,1
DA:142,1
LF:17
LH:11
BRDA:47,0,0,1
BRDA:47,0,1,0
BRDA:48,1,0,0
BRDA:48,1,1,0
BRDA:124,2,0,1
BRDA:124,2,1,0
BRF:6
BRH:2
end_of_record
TN:
SF:C:\Users\Eduardo\Documents\Repositório\Eduardo-Norberto\aula3-testes+redux-thunk\planner-boilerplate\src\containers\Planner\index.js
FN:8,(anonymous_0)
FNF:1
FNH:0
FNDA:0,(anonymous_0)
DA:9,0
LF:1
LH:0
BRF:0
BRH:0
end_of_record
TN:
SF:C:\Users\Eduardo\Documents\Repositório\Eduardo-Norberto\aula3-testes+redux-thunk\planner-boilerplate\src\style\theme.js
FNF:0
FNH:0
LF:0
LH:0
BRF:0
BRH:0
end_of_record
